15:09:44 **** Incremental Build of configuration Debug for project lpc_board_nxp_lpcxpresso_1549 ****
make -r all 
make: Nothing to be done for `all'.
15:09:45 **** Incremental Build of configuration Debug for project lpc_chip_15xx ****
make -r all 
make: Nothing to be done for `all'.
15:09:47 **** Incremental Build of configuration Debug for project FreeRTOS ****
make -r all 
make: Nothing to be done for `all'.
15:09:48 **** Incremental Build of configuration Debug for project XYPlotterLPC1549 ****
make -r -j4 all 
Building file: ../src/XYPlotterLPC1549.cpp
Invoking: MCU C++ Compiler
arm-none-eabi-c++ -std=c++11 -D__NEWLIB__ -DDEBUG -D__CODE_RED -DCORE_M3 -D__USE_LPCOPEN -DCPP_USE_HEAP -D__LPC15XX__ -I"C:\Users\pavel\Desktop\koulu\Emdedded_Systems_Project\Plotter_Project\sorsa\XYPlotterLPC1549\inc" -I"C:\Users\pavel\Desktop\koulu\Emdedded_Systems_Project\Plotter_Project\sorsa\lpc_board_nxp_lpcxpresso_1549\inc" -I"C:\Users\pavel\Desktop\koulu\Emdedded_Systems_Project\Plotter_Project\sorsa\lpc_chip_15xx\inc" -I"C:\Users\pavel\Desktop\koulu\Emdedded_Systems_Project\Plotter_Project\sorsa\lpc_chip_15xx\inc\usbd" -I"C:\Users\pavel\Desktop\koulu\Emdedded_Systems_Project\Plotter_Project\sorsa\FreeRTOS\inc" -I"C:\Users\pavel\Desktop\koulu\Emdedded_Systems_Project\Plotter_Project\sorsa\FreeRTOS\src\include" -I"C:\Users\pavel\Desktop\koulu\Emdedded_Systems_Project\Plotter_Project\sorsa\FreeRTOS\src\portable\GCC\ARM_CM3" -I"C:\Users\pavel\Desktop\koulu\Emdedded_Systems_Project\Plotter_Project\sorsa\lpc_chip_15xx\inc\usbd" -O0 -fno-common -g3 -Wall -c -fmessage-length=0 -fno-builtin -ffunction-sections -fdata-sections -fno-rtti -fno-exceptions -mcpu=cortex-m3 -mthumb -MMD -MP -MF"src/XYPlotterLPC1549.d" -MT"src/XYPlotterLPC1549.o" -MT"src/XYPlotterLPC1549.d" -o "src/XYPlotterLPC1549.o" "../src/XYPlotterLPC1549.cpp"
../src/XYPlotterLPC1549.cpp: In function 'void vTaskMotor(void*)':
../src/XYPlotterLPC1549.cpp:352:106: warning: format '%d' expects argument of type 'int', but argument 5 has type 'int64_t {aka long long int}' [-Wformat=]
     snprintf(buffer, 100, "absX %d, curPosX: %d, newPosX: %lld \r\n", absX, motor.getPosX(), newPositionX);
                                                                             ~~~~~~~~~~~~~~~              ^
../src/XYPlotterLPC1549.cpp:320:7: warning: unused variable 'gcode_buff' [-Wunused-variable]
  char gcode_buff[60] = {0};
       ^~~~~~~~~~
Finished building: ../src/XYPlotterLPC1549.cpp
 
Building target: XYPlotterLPC1549.axf
Invoking: MCU C++ Linker
arm-none-eabi-c++ -nostdlib -L"C:\Users\pavel\Desktop\koulu\Emdedded_Systems_Project\Plotter_Project\sorsa\lpc_board_nxp_lpcxpresso_1549\Debug" -L"C:\Users\pavel\Desktop\koulu\Emdedded_Systems_Project\Plotter_Project\sorsa\lpc_chip_15xx\Debug" -L"C:\Users\pavel\Desktop\koulu\Emdedded_Systems_Project\Plotter_Project\sorsa\FreeRTOS\Debug" -Xlinker -Map="XYPlotterLPC1549.map" -Xlinker --gc-sections -Xlinker -print-memory-usage -mcpu=cortex-m3 -mthumb -T "XYPlotterLPC1549_Debug.ld" -o "XYPlotterLPC1549.axf"  ./src/DigitalIoPin.o ./src/Fmutex.o ./src/ITM_write.o ./src/Motor.o ./src/Parser.o ./src/XYPlotterLPC1549.o ./src/cdc_desc.o ./src/cdc_main.o ./src/cdc_vcom.o ./src/cr_cpp_config.o ./src/cr_startup_lpc15xx.o ./src/crp.o ./src/sysinit.o   -lfreertos -llpc_board_nxp_lpcxpresso_1549 -llpc_chip_15xx -lFreeRTOS
Memory region         Used Size  Region Size  %age Used
       MFlash256:       68088 B       256 KB     25.97%
      Ram0_16_32:        4272 B        32 KB     13.04%
          Ram2_4:          0 GB         4 KB      0.00%
Finished building target: XYPlotterLPC1549.axf
 
make --no-print-directory post-build
Performing post-build steps
arm-none-eabi-size "XYPlotterLPC1549.axf"; # arm-none-eabi-objcopy -v -O binary "XYPlotterLPC1549.axf" "XYPlotterLPC1549.bin" ; # checksum -p LPC1549 -d "XYPlotterLPC1549.bin";
   text	   data	    bss	    dec	    hex	filename
  65520	   2568	   1704	  69792	  110a0	XYPlotterLPC1549.axf
 
15:11:41 **** Incremental Build of configuration Debug for project lpc_board_nxp_lpcxpresso_1549 ****
make -r all 
make: Nothing to be done for `all'.
15:11:42 **** Incremental Build of configuration Debug for project lpc_chip_15xx ****
make -r all 
make: Nothing to be done for `all'.
15:11:44 **** Incremental Build of configuration Debug for project FreeRTOS ****
make -r all 
make: Nothing to be done for `all'.
15:11:46 **** Incremental Build of configuration Debug for project XYPlotterLPC1549 ****
make -r -j4 all 
make: Nothing to be done for `all'.
15:11:50 **** Incremental Build of configuration Debug for project XYPlotterLPC1549 ****
make -r -j4 all 
make: Nothing to be done for `all'.
15:30:08 **** Incremental Build of configuration Debug for project lpc_board_nxp_lpcxpresso_1549 ****
make -r all 
make: Nothing to be done for `all'.
15:30:10 **** Incremental Build of configuration Debug for project lpc_chip_15xx ****
make -r all 
make: Nothing to be done for `all'.
15:30:12 **** Incremental Build of configuration Debug for project FreeRTOS ****
make -r all 
make: Nothing to be done for `all'.
15:30:13 **** Incremental Build of configuration Debug for project XYPlotterLPC1549 ****
make -r -j4 all 
make: Nothing to be done for `all'.
15:30:18 **** Incremental Build of configuration Debug for project XYPlotterLPC1549 ****
make -r -j4 all 
make: Nothing to be done for `all'.
15:30:58 **** Incremental Build of configuration Debug for project lpc_board_nxp_lpcxpresso_1549 ****
make -r all 
make: Nothing to be done for `all'.
15:30:59 **** Incremental Build of configuration Debug for project lpc_chip_15xx ****
make -r all 
make: Nothing to be done for `all'.
15:31:01 **** Incremental Build of configuration Debug for project FreeRTOS ****
make -r all 
make: Nothing to be done for `all'.
15:31:03 **** Incremental Build of configuration Debug for project XYPlotterLPC1549 ****
make -r -j4 all 
make: Nothing to be done for `all'.
15:31:07 **** Incremental Build of configuration Debug for project XYPlotterLPC1549 ****
make -r -j4 all 
make: Nothing to be done for `all'.
15:38:11 **** Incremental Build of configuration Debug for project lpc_board_nxp_lpcxpresso_1549 ****
make -r all 
make: Nothing to be done for `all'.
15:38:12 **** Incremental Build of configuration Debug for project lpc_chip_15xx ****
make -r all 
make: Nothing to be done for `all'.
15:38:14 **** Incremental Build of configuration Debug for project FreeRTOS ****
make -r all 
make: Nothing to be done for `all'.
15:38:16 **** Incremental Build of configuration Debug for project XYPlotterLPC1549 ****
make -r -j4 all 
make: Nothing to be done for `all'.
15:38:20 **** Incremental Build of configuration Debug for project XYPlotterLPC1549 ****
make -r -j4 all 
make: Nothing to be done for `all'.
15:42:18 **** Incremental Build of configuration Debug for project lpc_board_nxp_lpcxpresso_1549 ****
make -r all 
make: Nothing to be done for `all'.
15:42:19 **** Incremental Build of configuration Debug for project lpc_chip_15xx ****
make -r all 
make: Nothing to be done for `all'.
15:42:21 **** Incremental Build of configuration Debug for project FreeRTOS ****
make -r all 
make: Nothing to be done for `all'.
15:42:23 **** Incremental Build of configuration Debug for project XYPlotterLPC1549 ****
make -r -j4 all 
make: Nothing to be done for `all'.
15:42:33 **** Incremental Build of configuration Debug for project XYPlotterLPC1549 ****
make -r -j4 all 
make: Nothing to be done for `all'.
15:43:00 **** Incremental Build of configuration Debug for project lpc_board_nxp_lpcxpresso_1549 ****
make -r all 
make: Nothing to be done for `all'.
15:43:02 **** Incremental Build of configuration Debug for project lpc_chip_15xx ****
make -r all 
make: Nothing to be done for `all'.
15:43:03 **** Incremental Build of configuration Debug for project FreeRTOS ****
make -r all 
make: Nothing to be done for `all'.
15:43:05 **** Incremental Build of configuration Debug for project XYPlotterLPC1549 ****
make -r -j4 all 
make: Nothing to be done for `all'.
15:43:13 **** Incremental Build of configuration Debug for project XYPlotterLPC1549 ****
make -r -j4 all 
make: Nothing to be done for `all'.
15:47:02 **** Incremental Build of configuration Debug for project lpc_board_nxp_lpcxpresso_1549 ****
make -r all 
make: Nothing to be done for `all'.
15:47:04 **** Incremental Build of configuration Debug for project lpc_chip_15xx ****
make -r all 
make: Nothing to be done for `all'.
15:47:06 **** Incremental Build of configuration Debug for project FreeRTOS ****
make -r all 
make: Nothing to be done for `all'.
15:47:08 **** Incremental Build of configuration Debug for project XYPlotterLPC1549 ****
make -r -j4 all 
Building file: ../src/XYPlotterLPC1549.cpp
Invoking: MCU C++ Compiler
arm-none-eabi-c++ -std=c++11 -D__NEWLIB__ -DDEBUG -D__CODE_RED -DCORE_M3 -D__USE_LPCOPEN -DCPP_USE_HEAP -D__LPC15XX__ -I"C:\Users\pavel\Desktop\koulu\Emdedded_Systems_Project\Plotter_Project\sorsa\XYPlotterLPC1549\inc" -I"C:\Users\pavel\Desktop\koulu\Emdedded_Systems_Project\Plotter_Project\sorsa\lpc_board_nxp_lpcxpresso_1549\inc" -I"C:\Users\pavel\Desktop\koulu\Emdedded_Systems_Project\Plotter_Project\sorsa\lpc_chip_15xx\inc" -I"C:\Users\pavel\Desktop\koulu\Emdedded_Systems_Project\Plotter_Project\sorsa\lpc_chip_15xx\inc\usbd" -I"C:\Users\pavel\Desktop\koulu\Emdedded_Systems_Project\Plotter_Project\sorsa\FreeRTOS\inc" -I"C:\Users\pavel\Desktop\koulu\Emdedded_Systems_Project\Plotter_Project\sorsa\FreeRTOS\src\include" -I"C:\Users\pavel\Desktop\koulu\Emdedded_Systems_Project\Plotter_Project\sorsa\FreeRTOS\src\portable\GCC\ARM_CM3" -I"C:\Users\pavel\Desktop\koulu\Emdedded_Systems_Project\Plotter_Project\sorsa\lpc_chip_15xx\inc\usbd" -O0 -fno-common -g3 -Wall -c -fmessage-length=0 -fno-builtin -ffunction-sections -fdata-sections -fno-rtti -fno-exceptions -mcpu=cortex-m3 -mthumb -MMD -MP -MF"src/XYPlotterLPC1549.d" -MT"src/XYPlotterLPC1549.o" -MT"src/XYPlotterLPC1549.d" -o "src/XYPlotterLPC1549.o" "../src/XYPlotterLPC1549.cpp"
../src/XYPlotterLPC1549.cpp: In function 'void vTaskMotor(void*)':
../src/XYPlotterLPC1549.cpp:352:106: warning: format '%d' expects argument of type 'int', but argument 5 has type 'int64_t {aka long long int}' [-Wformat=]
     snprintf(buffer, 100, "absX %d, curPosX: %d, newPosX: %lld \r\n", absX, motor.getPosX(), newPositionX);
                                                                             ~~~~~~~~~~~~~~~              ^
../src/XYPlotterLPC1549.cpp:320:7: warning: unused variable 'gcode_buff' [-Wunused-variable]
  char gcode_buff[60] = {0};
       ^~~~~~~~~~
Finished building: ../src/XYPlotterLPC1549.cpp
 
Building target: XYPlotterLPC1549.axf
Invoking: MCU C++ Linker
arm-none-eabi-c++ -nostdlib -L"C:\Users\pavel\Desktop\koulu\Emdedded_Systems_Project\Plotter_Project\sorsa\lpc_board_nxp_lpcxpresso_1549\Debug" -L"C:\Users\pavel\Desktop\koulu\Emdedded_Systems_Project\Plotter_Project\sorsa\lpc_chip_15xx\Debug" -L"C:\Users\pavel\Desktop\koulu\Emdedded_Systems_Project\Plotter_Project\sorsa\FreeRTOS\Debug" -Xlinker -Map="XYPlotterLPC1549.map" -Xlinker --gc-sections -Xlinker -print-memory-usage -mcpu=cortex-m3 -mthumb -T "XYPlotterLPC1549_Debug.ld" -o "XYPlotterLPC1549.axf"  ./src/DigitalIoPin.o ./src/Fmutex.o ./src/ITM_write.o ./src/Motor.o ./src/Parser.o ./src/XYPlotterLPC1549.o ./src/cdc_desc.o ./src/cdc_main.o ./src/cdc_vcom.o ./src/cr_cpp_config.o ./src/cr_startup_lpc15xx.o ./src/crp.o ./src/sysinit.o   -lfreertos -llpc_board_nxp_lpcxpresso_1549 -llpc_chip_15xx -lFreeRTOS
Memory region         Used Size  Region Size  %age Used
       MFlash256:       68088 B       256 KB     25.97%
      Ram0_16_32:        4272 B        32 KB     13.04%
          Ram2_4:          0 GB         4 KB      0.00%
Finished building target: XYPlotterLPC1549.axf
 
make --no-print-directory post-build
Performing post-build steps
arm-none-eabi-size "XYPlotterLPC1549.axf"; # arm-none-eabi-objcopy -v -O binary "XYPlotterLPC1549.axf" "XYPlotterLPC1549.bin" ; # checksum -p LPC1549 -d "XYPlotterLPC1549.bin";
   text	   data	    bss	    dec	    hex	filename
  65520	   2568	   1704	  69792	  110a0	XYPlotterLPC1549.axf
 
15:47:19 **** Incremental Build of configuration Debug for project XYPlotterLPC1549 ****
make -r -j4 all 
Building file: ../src/XYPlotterLPC1549.cpp
Invoking: MCU C++ Compiler
arm-none-eabi-c++ -std=c++11 -D__NEWLIB__ -DDEBUG -D__CODE_RED -DCORE_M3 -D__USE_LPCOPEN -DCPP_USE_HEAP -D__LPC15XX__ -I"C:\Users\pavel\Desktop\koulu\Emdedded_Systems_Project\Plotter_Project\sorsa\XYPlotterLPC1549\inc" -I"C:\Users\pavel\Desktop\koulu\Emdedded_Systems_Project\Plotter_Project\sorsa\lpc_board_nxp_lpcxpresso_1549\inc" -I"C:\Users\pavel\Desktop\koulu\Emdedded_Systems_Project\Plotter_Project\sorsa\lpc_chip_15xx\inc" -I"C:\Users\pavel\Desktop\koulu\Emdedded_Systems_Project\Plotter_Project\sorsa\lpc_chip_15xx\inc\usbd" -I"C:\Users\pavel\Desktop\koulu\Emdedded_Systems_Project\Plotter_Project\sorsa\FreeRTOS\inc" -I"C:\Users\pavel\Desktop\koulu\Emdedded_Systems_Project\Plotter_Project\sorsa\FreeRTOS\src\include" -I"C:\Users\pavel\Desktop\koulu\Emdedded_Systems_Project\Plotter_Project\sorsa\FreeRTOS\src\portable\GCC\ARM_CM3" -I"C:\Users\pavel\Desktop\koulu\Emdedded_Systems_Project\Plotter_Project\sorsa\lpc_chip_15xx\inc\usbd" -O0 -fno-common -g3 -Wall -c -fmessage-length=0 -fno-builtin -ffunction-sections -fdata-sections -fno-rtti -fno-exceptions -mcpu=cortex-m3 -mthumb -MMD -MP -MF"src/XYPlotterLPC1549.d" -MT"src/XYPlotterLPC1549.o" -MT"src/XYPlotterLPC1549.d" -o "src/XYPlotterLPC1549.o" "../src/XYPlotterLPC1549.cpp"
../src/XYPlotterLPC1549.cpp: In function 'void vTaskMotor(void*)':
../src/XYPlotterLPC1549.cpp:352:106: warning: format '%d' expects argument of type 'int', but argument 5 has type 'int64_t {aka long long int}' [-Wformat=]
     snprintf(buffer, 100, "absX %d, curPosX: %d, newPosX: %lld \r\n", absX, motor.getPosX(), newPositionX);
                                                                             ~~~~~~~~~~~~~~~              ^
../src/XYPlotterLPC1549.cpp:320:7: warning: unused variable 'gcode_buff' [-Wunused-variable]
  char gcode_buff[60] = {0};
       ^~~~~~~~~~
Finished building: ../src/XYPlotterLPC1549.cpp
 
Building target: XYPlotterLPC1549.axf
Invoking: MCU C++ Linker
arm-none-eabi-c++ -nostdlib -L"C:\Users\pavel\Desktop\koulu\Emdedded_Systems_Project\Plotter_Project\sorsa\lpc_board_nxp_lpcxpresso_1549\Debug" -L"C:\Users\pavel\Desktop\koulu\Emdedded_Systems_Project\Plotter_Project\sorsa\lpc_chip_15xx\Debug" -L"C:\Users\pavel\Desktop\koulu\Emdedded_Systems_Project\Plotter_Project\sorsa\FreeRTOS\Debug" -Xlinker -Map="XYPlotterLPC1549.map" -Xlinker --gc-sections -Xlinker -print-memory-usage -mcpu=cortex-m3 -mthumb -T "XYPlotterLPC1549_Debug.ld" -o "XYPlotterLPC1549.axf"  ./src/DigitalIoPin.o ./src/Fmutex.o ./src/ITM_write.o ./src/Motor.o ./src/Parser.o ./src/XYPlotterLPC1549.o ./src/cdc_desc.o ./src/cdc_main.o ./src/cdc_vcom.o ./src/cr_cpp_config.o ./src/cr_startup_lpc15xx.o ./src/crp.o ./src/sysinit.o   -lfreertos -llpc_board_nxp_lpcxpresso_1549 -llpc_chip_15xx -lFreeRTOS
Memory region         Used Size  Region Size  %age Used
       MFlash256:       68088 B       256 KB     25.97%
      Ram0_16_32:        4272 B        32 KB     13.04%
          Ram2_4:          0 GB         4 KB      0.00%
Finished building target: XYPlotterLPC1549.axf
 
make --no-print-directory post-build
Performing post-build steps
arm-none-eabi-size "XYPlotterLPC1549.axf"; # arm-none-eabi-objcopy -v -O binary "XYPlotterLPC1549.axf" "XYPlotterLPC1549.bin" ; # checksum -p LPC1549 -d "XYPlotterLPC1549.bin";
   text	   data	    bss	    dec	    hex	filename
  65520	   2568	   1704	  69792	  110a0	XYPlotterLPC1549.axf
 
15:49:15 **** Incremental Build of configuration Debug for project lpc_board_nxp_lpcxpresso_1549 ****
make -r all 
make: Nothing to be done for `all'.
15:49:17 **** Incremental Build of configuration Debug for project lpc_chip_15xx ****
make -r all 
make: Nothing to be done for `all'.
15:49:19 **** Incremental Build of configuration Debug for project FreeRTOS ****
make -r all 
make: Nothing to be done for `all'.
15:49:21 **** Incremental Build of configuration Debug for project XYPlotterLPC1549 ****
make -r -j4 all 
Building file: ../src/XYPlotterLPC1549.cpp
Invoking: MCU C++ Compiler
arm-none-eabi-c++ -std=c++11 -D__NEWLIB__ -DDEBUG -D__CODE_RED -DCORE_M3 -D__USE_LPCOPEN -DCPP_USE_HEAP -D__LPC15XX__ -I"C:\Users\pavel\Desktop\koulu\Emdedded_Systems_Project\Plotter_Project\sorsa\XYPlotterLPC1549\inc" -I"C:\Users\pavel\Desktop\koulu\Emdedded_Systems_Project\Plotter_Project\sorsa\lpc_board_nxp_lpcxpresso_1549\inc" -I"C:\Users\pavel\Desktop\koulu\Emdedded_Systems_Project\Plotter_Project\sorsa\lpc_chip_15xx\inc" -I"C:\Users\pavel\Desktop\koulu\Emdedded_Systems_Project\Plotter_Project\sorsa\lpc_chip_15xx\inc\usbd" -I"C:\Users\pavel\Desktop\koulu\Emdedded_Systems_Project\Plotter_Project\sorsa\FreeRTOS\inc" -I"C:\Users\pavel\Desktop\koulu\Emdedded_Systems_Project\Plotter_Project\sorsa\FreeRTOS\src\include" -I"C:\Users\pavel\Desktop\koulu\Emdedded_Systems_Project\Plotter_Project\sorsa\FreeRTOS\src\portable\GCC\ARM_CM3" -I"C:\Users\pavel\Desktop\koulu\Emdedded_Systems_Project\Plotter_Project\sorsa\lpc_chip_15xx\inc\usbd" -O0 -fno-common -g3 -Wall -c -fmessage-length=0 -fno-builtin -ffunction-sections -fdata-sections -fno-rtti -fno-exceptions -mcpu=cortex-m3 -mthumb -MMD -MP -MF"src/XYPlotterLPC1549.d" -MT"src/XYPlotterLPC1549.o" -MT"src/XYPlotterLPC1549.d" -o "src/XYPlotterLPC1549.o" "../src/XYPlotterLPC1549.cpp"
../src/XYPlotterLPC1549.cpp: In function 'void vTaskMotor(void*)':
../src/XYPlotterLPC1549.cpp:352:106: warning: format '%d' expects argument of type 'int', but argument 5 has type 'int64_t {aka long long int}' [-Wformat=]
     snprintf(buffer, 100, "absX %d, curPosX: %d, newPosX: %lld \r\n", absX, motor.getPosX(), newPositionX);
                                                                             ~~~~~~~~~~~~~~~              ^
../src/XYPlotterLPC1549.cpp:320:7: warning: unused variable 'gcode_buff' [-Wunused-variable]
  char gcode_buff[60] = {0};
       ^~~~~~~~~~
Finished building: ../src/XYPlotterLPC1549.cpp
 
Building target: XYPlotterLPC1549.axf
Invoking: MCU C++ Linker
arm-none-eabi-c++ -nostdlib -L"C:\Users\pavel\Desktop\koulu\Emdedded_Systems_Project\Plotter_Project\sorsa\lpc_board_nxp_lpcxpresso_1549\Debug" -L"C:\Users\pavel\Desktop\koulu\Emdedded_Systems_Project\Plotter_Project\sorsa\lpc_chip_15xx\Debug" -L"C:\Users\pavel\Desktop\koulu\Emdedded_Systems_Project\Plotter_Project\sorsa\FreeRTOS\Debug" -Xlinker -Map="XYPlotterLPC1549.map" -Xlinker --gc-sections -Xlinker -print-memory-usage -mcpu=cortex-m3 -mthumb -T "XYPlotterLPC1549_Debug.ld" -o "XYPlotterLPC1549.axf"  ./src/DigitalIoPin.o ./src/Fmutex.o ./src/ITM_write.o ./src/Motor.o ./src/Parser.o ./src/XYPlotterLPC1549.o ./src/cdc_desc.o ./src/cdc_main.o ./src/cdc_vcom.o ./src/cr_cpp_config.o ./src/cr_startup_lpc15xx.o ./src/crp.o ./src/sysinit.o   -lfreertos -llpc_board_nxp_lpcxpresso_1549 -llpc_chip_15xx -lFreeRTOS
Memory region         Used Size  Region Size  %age Used
       MFlash256:       68088 B       256 KB     25.97%
      Ram0_16_32:        4272 B        32 KB     13.04%
          Ram2_4:          0 GB         4 KB      0.00%
Finished building target: XYPlotterLPC1549.axf
 
make --no-print-directory post-build
Performing post-build steps
arm-none-eabi-size "XYPlotterLPC1549.axf"; # arm-none-eabi-objcopy -v -O binary "XYPlotterLPC1549.axf" "XYPlotterLPC1549.bin" ; # checksum -p LPC1549 -d "XYPlotterLPC1549.bin";
   text	   data	    bss	    dec	    hex	filename
  65520	   2568	   1704	  69792	  110a0	XYPlotterLPC1549.axf
 
15:49:30 **** Incremental Build of configuration Debug for project XYPlotterLPC1549 ****
make -r -j4 all 
Building file: ../src/XYPlotterLPC1549.cpp
Invoking: MCU C++ Compiler
arm-none-eabi-c++ -std=c++11 -D__NEWLIB__ -DDEBUG -D__CODE_RED -DCORE_M3 -D__USE_LPCOPEN -DCPP_USE_HEAP -D__LPC15XX__ -I"C:\Users\pavel\Desktop\koulu\Emdedded_Systems_Project\Plotter_Project\sorsa\XYPlotterLPC1549\inc" -I"C:\Users\pavel\Desktop\koulu\Emdedded_Systems_Project\Plotter_Project\sorsa\lpc_board_nxp_lpcxpresso_1549\inc" -I"C:\Users\pavel\Desktop\koulu\Emdedded_Systems_Project\Plotter_Project\sorsa\lpc_chip_15xx\inc" -I"C:\Users\pavel\Desktop\koulu\Emdedded_Systems_Project\Plotter_Project\sorsa\lpc_chip_15xx\inc\usbd" -I"C:\Users\pavel\Desktop\koulu\Emdedded_Systems_Project\Plotter_Project\sorsa\FreeRTOS\inc" -I"C:\Users\pavel\Desktop\koulu\Emdedded_Systems_Project\Plotter_Project\sorsa\FreeRTOS\src\include" -I"C:\Users\pavel\Desktop\koulu\Emdedded_Systems_Project\Plotter_Project\sorsa\FreeRTOS\src\portable\GCC\ARM_CM3" -I"C:\Users\pavel\Desktop\koulu\Emdedded_Systems_Project\Plotter_Project\sorsa\lpc_chip_15xx\inc\usbd" -O0 -fno-common -g3 -Wall -c -fmessage-length=0 -fno-builtin -ffunction-sections -fdata-sections -fno-rtti -fno-exceptions -mcpu=cortex-m3 -mthumb -MMD -MP -MF"src/XYPlotterLPC1549.d" -MT"src/XYPlotterLPC1549.o" -MT"src/XYPlotterLPC1549.d" -o "src/XYPlotterLPC1549.o" "../src/XYPlotterLPC1549.cpp"
../src/XYPlotterLPC1549.cpp: In function 'void vTaskMotor(void*)':
../src/XYPlotterLPC1549.cpp:352:106: warning: format '%d' expects argument of type 'int', but argument 5 has type 'int64_t {aka long long int}' [-Wformat=]
     snprintf(buffer, 100, "absX %d, curPosX: %d, newPosX: %lld \r\n", absX, motor.getPosX(), newPositionX);
                                                                             ~~~~~~~~~~~~~~~              ^
../src/XYPlotterLPC1549.cpp:320:7: warning: unused variable 'gcode_buff' [-Wunused-variable]
  char gcode_buff[60] = {0};
       ^~~~~~~~~~
Finished building: ../src/XYPlotterLPC1549.cpp
 
Building target: XYPlotterLPC1549.axf
Invoking: MCU C++ Linker
arm-none-eabi-c++ -nostdlib -L"C:\Users\pavel\Desktop\koulu\Emdedded_Systems_Project\Plotter_Project\sorsa\lpc_board_nxp_lpcxpresso_1549\Debug" -L"C:\Users\pavel\Desktop\koulu\Emdedded_Systems_Project\Plotter_Project\sorsa\lpc_chip_15xx\Debug" -L"C:\Users\pavel\Desktop\koulu\Emdedded_Systems_Project\Plotter_Project\sorsa\FreeRTOS\Debug" -Xlinker -Map="XYPlotterLPC1549.map" -Xlinker --gc-sections -Xlinker -print-memory-usage -mcpu=cortex-m3 -mthumb -T "XYPlotterLPC1549_Debug.ld" -o "XYPlotterLPC1549.axf"  ./src/DigitalIoPin.o ./src/Fmutex.o ./src/ITM_write.o ./src/Motor.o ./src/Parser.o ./src/XYPlotterLPC1549.o ./src/cdc_desc.o ./src/cdc_main.o ./src/cdc_vcom.o ./src/cr_cpp_config.o ./src/cr_startup_lpc15xx.o ./src/crp.o ./src/sysinit.o   -lfreertos -llpc_board_nxp_lpcxpresso_1549 -llpc_chip_15xx -lFreeRTOS
Memory region         Used Size  Region Size  %age Used
       MFlash256:       68088 B       256 KB     25.97%
      Ram0_16_32:        4272 B        32 KB     13.04%
          Ram2_4:          0 GB         4 KB      0.00%
Finished building target: XYPlotterLPC1549.axf
 
make --no-print-directory post-build
Performing post-build steps
arm-none-eabi-size "XYPlotterLPC1549.axf"; # arm-none-eabi-objcopy -v -O binary "XYPlotterLPC1549.axf" "XYPlotterLPC1549.bin" ; # checksum -p LPC1549 -d "XYPlotterLPC1549.bin";
   text	   data	    bss	    dec	    hex	filename
  65520	   2568	   1704	  69792	  110a0	XYPlotterLPC1549.axf
 
15:51:29 **** Incremental Build of configuration Debug for project lpc_board_nxp_lpcxpresso_1549 ****
make -r all 
make: Nothing to be done for `all'.
15:51:31 **** Incremental Build of configuration Debug for project lpc_chip_15xx ****
make -r all 
make: Nothing to be done for `all'.
15:51:32 **** Incremental Build of configuration Debug for project FreeRTOS ****
make -r all 
make: Nothing to be done for `all'.
15:51:34 **** Incremental Build of configuration Debug for project XYPlotterLPC1549 ****
make -r -j4 all 
Building file: ../src/XYPlotterLPC1549.cpp
Invoking: MCU C++ Compiler
arm-none-eabi-c++ -std=c++11 -D__NEWLIB__ -DDEBUG -D__CODE_RED -DCORE_M3 -D__USE_LPCOPEN -DCPP_USE_HEAP -D__LPC15XX__ -I"C:\Users\pavel\Desktop\koulu\Emdedded_Systems_Project\Plotter_Project\sorsa\XYPlotterLPC1549\inc" -I"C:\Users\pavel\Desktop\koulu\Emdedded_Systems_Project\Plotter_Project\sorsa\lpc_board_nxp_lpcxpresso_1549\inc" -I"C:\Users\pavel\Desktop\koulu\Emdedded_Systems_Project\Plotter_Project\sorsa\lpc_chip_15xx\inc" -I"C:\Users\pavel\Desktop\koulu\Emdedded_Systems_Project\Plotter_Project\sorsa\lpc_chip_15xx\inc\usbd" -I"C:\Users\pavel\Desktop\koulu\Emdedded_Systems_Project\Plotter_Project\sorsa\FreeRTOS\inc" -I"C:\Users\pavel\Desktop\koulu\Emdedded_Systems_Project\Plotter_Project\sorsa\FreeRTOS\src\include" -I"C:\Users\pavel\Desktop\koulu\Emdedded_Systems_Project\Plotter_Project\sorsa\FreeRTOS\src\portable\GCC\ARM_CM3" -I"C:\Users\pavel\Desktop\koulu\Emdedded_Systems_Project\Plotter_Project\sorsa\lpc_chip_15xx\inc\usbd" -O0 -fno-common -g3 -Wall -c -fmessage-length=0 -fno-builtin -ffunction-sections -fdata-sections -fno-rtti -fno-exceptions -mcpu=cortex-m3 -mthumb -MMD -MP -MF"src/XYPlotterLPC1549.d" -MT"src/XYPlotterLPC1549.o" -MT"src/XYPlotterLPC1549.d" -o "src/XYPlotterLPC1549.o" "../src/XYPlotterLPC1549.cpp"
../src/XYPlotterLPC1549.cpp: In function 'void vTaskMotor(void*)':
../src/XYPlotterLPC1549.cpp:352:106: warning: format '%d' expects argument of type 'int', but argument 5 has type 'int64_t {aka long long int}' [-Wformat=]
     snprintf(buffer, 100, "absX %d, curPosX: %d, newPosX: %lld \r\n", absX, motor.getPosX(), newPositionX);
                                                                             ~~~~~~~~~~~~~~~              ^
../src/XYPlotterLPC1549.cpp:320:7: warning: unused variable 'gcode_buff' [-Wunused-variable]
  char gcode_buff[60] = {0};
       ^~~~~~~~~~
Finished building: ../src/XYPlotterLPC1549.cpp
 
Building target: XYPlotterLPC1549.axf
Invoking: MCU C++ Linker
arm-none-eabi-c++ -nostdlib -L"C:\Users\pavel\Desktop\koulu\Emdedded_Systems_Project\Plotter_Project\sorsa\lpc_board_nxp_lpcxpresso_1549\Debug" -L"C:\Users\pavel\Desktop\koulu\Emdedded_Systems_Project\Plotter_Project\sorsa\lpc_chip_15xx\Debug" -L"C:\Users\pavel\Desktop\koulu\Emdedded_Systems_Project\Plotter_Project\sorsa\FreeRTOS\Debug" -Xlinker -Map="XYPlotterLPC1549.map" -Xlinker --gc-sections -Xlinker -print-memory-usage -mcpu=cortex-m3 -mthumb -T "XYPlotterLPC1549_Debug.ld" -o "XYPlotterLPC1549.axf"  ./src/DigitalIoPin.o ./src/Fmutex.o ./src/ITM_write.o ./src/Motor.o ./src/Parser.o ./src/XYPlotterLPC1549.o ./src/cdc_desc.o ./src/cdc_main.o ./src/cdc_vcom.o ./src/cr_cpp_config.o ./src/cr_startup_lpc15xx.o ./src/crp.o ./src/sysinit.o   -lfreertos -llpc_board_nxp_lpcxpresso_1549 -llpc_chip_15xx -lFreeRTOS
Memory region         Used Size  Region Size  %age Used
       MFlash256:       68088 B       256 KB     25.97%
      Ram0_16_32:        4272 B        32 KB     13.04%
          Ram2_4:          0 GB         4 KB      0.00%
Finished building target: XYPlotterLPC1549.axf
 
make --no-print-directory post-build
Performing post-build steps
arm-none-eabi-size "XYPlotterLPC1549.axf"; # arm-none-eabi-objcopy -v -O binary "XYPlotterLPC1549.axf" "XYPlotterLPC1549.bin" ; # checksum -p LPC1549 -d "XYPlotterLPC1549.bin";
   text	   data	    bss	    dec	    hex	filename
  65520	   2568	   1704	  69792	  110a0	XYPlotterLPC1549.axf
 
15:51:43 **** Incremental Build of configuration Debug for project XYPlotterLPC1549 ****
make -r -j4 all 
Building file: ../src/XYPlotterLPC1549.cpp
Invoking: MCU C++ Compiler
arm-none-eabi-c++ -std=c++11 -D__NEWLIB__ -DDEBUG -D__CODE_RED -DCORE_M3 -D__USE_LPCOPEN -DCPP_USE_HEAP -D__LPC15XX__ -I"C:\Users\pavel\Desktop\koulu\Emdedded_Systems_Project\Plotter_Project\sorsa\XYPlotterLPC1549\inc" -I"C:\Users\pavel\Desktop\koulu\Emdedded_Systems_Project\Plotter_Project\sorsa\lpc_board_nxp_lpcxpresso_1549\inc" -I"C:\Users\pavel\Desktop\koulu\Emdedded_Systems_Project\Plotter_Project\sorsa\lpc_chip_15xx\inc" -I"C:\Users\pavel\Desktop\koulu\Emdedded_Systems_Project\Plotter_Project\sorsa\lpc_chip_15xx\inc\usbd" -I"C:\Users\pavel\Desktop\koulu\Emdedded_Systems_Project\Plotter_Project\sorsa\FreeRTOS\inc" -I"C:\Users\pavel\Desktop\koulu\Emdedded_Systems_Project\Plotter_Project\sorsa\FreeRTOS\src\include" -I"C:\Users\pavel\Desktop\koulu\Emdedded_Systems_Project\Plotter_Project\sorsa\FreeRTOS\src\portable\GCC\ARM_CM3" -I"C:\Users\pavel\Desktop\koulu\Emdedded_Systems_Project\Plotter_Project\sorsa\lpc_chip_15xx\inc\usbd" -O0 -fno-common -g3 -Wall -c -fmessage-length=0 -fno-builtin -ffunction-sections -fdata-sections -fno-rtti -fno-exceptions -mcpu=cortex-m3 -mthumb -MMD -MP -MF"src/XYPlotterLPC1549.d" -MT"src/XYPlotterLPC1549.o" -MT"src/XYPlotterLPC1549.d" -o "src/XYPlotterLPC1549.o" "../src/XYPlotterLPC1549.cpp"
../src/XYPlotterLPC1549.cpp: In function 'void vTaskMotor(void*)':
../src/XYPlotterLPC1549.cpp:352:106: warning: format '%d' expects argument of type 'int', but argument 5 has type 'int64_t {aka long long int}' [-Wformat=]
     snprintf(buffer, 100, "absX %d, curPosX: %d, newPosX: %lld \r\n", absX, motor.getPosX(), newPositionX);
                                                                             ~~~~~~~~~~~~~~~              ^
../src/XYPlotterLPC1549.cpp:320:7: warning: unused variable 'gcode_buff' [-Wunused-variable]
  char gcode_buff[60] = {0};
       ^~~~~~~~~~
Finished building: ../src/XYPlotterLPC1549.cpp
 
Building target: XYPlotterLPC1549.axf
Invoking: MCU C++ Linker
arm-none-eabi-c++ -nostdlib -L"C:\Users\pavel\Desktop\koulu\Emdedded_Systems_Project\Plotter_Project\sorsa\lpc_board_nxp_lpcxpresso_1549\Debug" -L"C:\Users\pavel\Desktop\koulu\Emdedded_Systems_Project\Plotter_Project\sorsa\lpc_chip_15xx\Debug" -L"C:\Users\pavel\Desktop\koulu\Emdedded_Systems_Project\Plotter_Project\sorsa\FreeRTOS\Debug" -Xlinker -Map="XYPlotterLPC1549.map" -Xlinker --gc-sections -Xlinker -print-memory-usage -mcpu=cortex-m3 -mthumb -T "XYPlotterLPC1549_Debug.ld" -o "XYPlotterLPC1549.axf"  ./src/DigitalIoPin.o ./src/Fmutex.o ./src/ITM_write.o ./src/Motor.o ./src/Parser.o ./src/XYPlotterLPC1549.o ./src/cdc_desc.o ./src/cdc_main.o ./src/cdc_vcom.o ./src/cr_cpp_config.o ./src/cr_startup_lpc15xx.o ./src/crp.o ./src/sysinit.o   -lfreertos -llpc_board_nxp_lpcxpresso_1549 -llpc_chip_15xx -lFreeRTOS
Memory region         Used Size  Region Size  %age Used
       MFlash256:       68088 B       256 KB     25.97%
      Ram0_16_32:        4272 B        32 KB     13.04%
          Ram2_4:          0 GB         4 KB      0.00%
Finished building target: XYPlotterLPC1549.axf
 
make --no-print-directory post-build
Performing post-build steps
arm-none-eabi-size "XYPlotterLPC1549.axf"; # arm-none-eabi-objcopy -v -O binary "XYPlotterLPC1549.axf" "XYPlotterLPC1549.bin" ; # checksum -p LPC1549 -d "XYPlotterLPC1549.bin";
   text	   data	    bss	    dec	    hex	filename
  65520	   2568	   1704	  69792	  110a0	XYPlotterLPC1549.axf
 
15:55:11 **** Incremental Build of configuration Debug for project lpc_board_nxp_lpcxpresso_1549 ****
make -r all 
make: Nothing to be done for `all'.
15:55:12 **** Incremental Build of configuration Debug for project lpc_chip_15xx ****
make -r all 
make: Nothing to be done for `all'.
15:55:14 **** Incremental Build of configuration Debug for project FreeRTOS ****
make -r all 
make: Nothing to be done for `all'.
15:55:15 **** Incremental Build of configuration Debug for project XYPlotterLPC1549 ****
make -r -j4 all 
Building file: ../src/XYPlotterLPC1549.cpp
Invoking: MCU C++ Compiler
arm-none-eabi-c++ -std=c++11 -D__NEWLIB__ -DDEBUG -D__CODE_RED -DCORE_M3 -D__USE_LPCOPEN -DCPP_USE_HEAP -D__LPC15XX__ -I"C:\Users\pavel\Desktop\koulu\Emdedded_Systems_Project\Plotter_Project\sorsa\XYPlotterLPC1549\inc" -I"C:\Users\pavel\Desktop\koulu\Emdedded_Systems_Project\Plotter_Project\sorsa\lpc_board_nxp_lpcxpresso_1549\inc" -I"C:\Users\pavel\Desktop\koulu\Emdedded_Systems_Project\Plotter_Project\sorsa\lpc_chip_15xx\inc" -I"C:\Users\pavel\Desktop\koulu\Emdedded_Systems_Project\Plotter_Project\sorsa\lpc_chip_15xx\inc\usbd" -I"C:\Users\pavel\Desktop\koulu\Emdedded_Systems_Project\Plotter_Project\sorsa\FreeRTOS\inc" -I"C:\Users\pavel\Desktop\koulu\Emdedded_Systems_Project\Plotter_Project\sorsa\FreeRTOS\src\include" -I"C:\Users\pavel\Desktop\koulu\Emdedded_Systems_Project\Plotter_Project\sorsa\FreeRTOS\src\portable\GCC\ARM_CM3" -I"C:\Users\pavel\Desktop\koulu\Emdedded_Systems_Project\Plotter_Project\sorsa\lpc_chip_15xx\inc\usbd" -O0 -fno-common -g3 -Wall -c -fmessage-length=0 -fno-builtin -ffunction-sections -fdata-sections -fno-rtti -fno-exceptions -mcpu=cortex-m3 -mthumb -MMD -MP -MF"src/XYPlotterLPC1549.d" -MT"src/XYPlotterLPC1549.o" -MT"src/XYPlotterLPC1549.d" -o "src/XYPlotterLPC1549.o" "../src/XYPlotterLPC1549.cpp"
../src/XYPlotterLPC1549.cpp: In function 'void vTaskMotor(void*)':
../src/XYPlotterLPC1549.cpp:352:106: warning: format '%d' expects argument of type 'int', but argument 5 has type 'int64_t {aka long long int}' [-Wformat=]
     snprintf(buffer, 100, "absX %d, curPosX: %d, newPosX: %lld \r\n", absX, motor.getPosX(), newPositionX);
                                                                             ~~~~~~~~~~~~~~~              ^
../src/XYPlotterLPC1549.cpp:320:7: warning: unused variable 'gcode_buff' [-Wunused-variable]
  char gcode_buff[60] = {0};
       ^~~~~~~~~~
Finished building: ../src/XYPlotterLPC1549.cpp
 
Building target: XYPlotterLPC1549.axf
Invoking: MCU C++ Linker
arm-none-eabi-c++ -nostdlib -L"C:\Users\pavel\Desktop\koulu\Emdedded_Systems_Project\Plotter_Project\sorsa\lpc_board_nxp_lpcxpresso_1549\Debug" -L"C:\Users\pavel\Desktop\koulu\Emdedded_Systems_Project\Plotter_Project\sorsa\lpc_chip_15xx\Debug" -L"C:\Users\pavel\Desktop\koulu\Emdedded_Systems_Project\Plotter_Project\sorsa\FreeRTOS\Debug" -Xlinker -Map="XYPlotterLPC1549.map" -Xlinker --gc-sections -Xlinker -print-memory-usage -mcpu=cortex-m3 -mthumb -T "XYPlotterLPC1549_Debug.ld" -o "XYPlotterLPC1549.axf"  ./src/DigitalIoPin.o ./src/Fmutex.o ./src/ITM_write.o ./src/Motor.o ./src/Parser.o ./src/XYPlotterLPC1549.o ./src/cdc_desc.o ./src/cdc_main.o ./src/cdc_vcom.o ./src/cr_cpp_config.o ./src/cr_startup_lpc15xx.o ./src/crp.o ./src/sysinit.o   -lfreertos -llpc_board_nxp_lpcxpresso_1549 -llpc_chip_15xx -lFreeRTOS
Memory region         Used Size  Region Size  %age Used
       MFlash256:       68088 B       256 KB     25.97%
      Ram0_16_32:        4272 B        32 KB     13.04%
          Ram2_4:          0 GB         4 KB      0.00%
Finished building target: XYPlotterLPC1549.axf
 
make --no-print-directory post-build
Performing post-build steps
arm-none-eabi-size "XYPlotterLPC1549.axf"; # arm-none-eabi-objcopy -v -O binary "XYPlotterLPC1549.axf" "XYPlotterLPC1549.bin" ; # checksum -p LPC1549 -d "XYPlotterLPC1549.bin";
   text	   data	    bss	    dec	    hex	filename
  65520	   2568	   1704	  69792	  110a0	XYPlotterLPC1549.axf
 
15:55:24 **** Incremental Build of configuration Debug for project XYPlotterLPC1549 ****
make -r -j4 all 
Building file: ../src/XYPlotterLPC1549.cpp
Invoking: MCU C++ Compiler
arm-none-eabi-c++ -std=c++11 -D__NEWLIB__ -DDEBUG -D__CODE_RED -DCORE_M3 -D__USE_LPCOPEN -DCPP_USE_HEAP -D__LPC15XX__ -I"C:\Users\pavel\Desktop\koulu\Emdedded_Systems_Project\Plotter_Project\sorsa\XYPlotterLPC1549\inc" -I"C:\Users\pavel\Desktop\koulu\Emdedded_Systems_Project\Plotter_Project\sorsa\lpc_board_nxp_lpcxpresso_1549\inc" -I"C:\Users\pavel\Desktop\koulu\Emdedded_Systems_Project\Plotter_Project\sorsa\lpc_chip_15xx\inc" -I"C:\Users\pavel\Desktop\koulu\Emdedded_Systems_Project\Plotter_Project\sorsa\lpc_chip_15xx\inc\usbd" -I"C:\Users\pavel\Desktop\koulu\Emdedded_Systems_Project\Plotter_Project\sorsa\FreeRTOS\inc" -I"C:\Users\pavel\Desktop\koulu\Emdedded_Systems_Project\Plotter_Project\sorsa\FreeRTOS\src\include" -I"C:\Users\pavel\Desktop\koulu\Emdedded_Systems_Project\Plotter_Project\sorsa\FreeRTOS\src\portable\GCC\ARM_CM3" -I"C:\Users\pavel\Desktop\koulu\Emdedded_Systems_Project\Plotter_Project\sorsa\lpc_chip_15xx\inc\usbd" -O0 -fno-common -g3 -Wall -c -fmessage-length=0 -fno-builtin -ffunction-sections -fdata-sections -fno-rtti -fno-exceptions -mcpu=cortex-m3 -mthumb -MMD -MP -MF"src/XYPlotterLPC1549.d" -MT"src/XYPlotterLPC1549.o" -MT"src/XYPlotterLPC1549.d" -o "src/XYPlotterLPC1549.o" "../src/XYPlotterLPC1549.cpp"
../src/XYPlotterLPC1549.cpp: In function 'void vTaskMotor(void*)':
../src/XYPlotterLPC1549.cpp:352:106: warning: format '%d' expects argument of type 'int', but argument 5 has type 'int64_t {aka long long int}' [-Wformat=]
     snprintf(buffer, 100, "absX %d, curPosX: %d, newPosX: %lld \r\n", absX, motor.getPosX(), newPositionX);
                                                                             ~~~~~~~~~~~~~~~              ^
../src/XYPlotterLPC1549.cpp:320:7: warning: unused variable 'gcode_buff' [-Wunused-variable]
  char gcode_buff[60] = {0};
       ^~~~~~~~~~
Finished building: ../src/XYPlotterLPC1549.cpp
 
Building target: XYPlotterLPC1549.axf
Invoking: MCU C++ Linker
arm-none-eabi-c++ -nostdlib -L"C:\Users\pavel\Desktop\koulu\Emdedded_Systems_Project\Plotter_Project\sorsa\lpc_board_nxp_lpcxpresso_1549\Debug" -L"C:\Users\pavel\Desktop\koulu\Emdedded_Systems_Project\Plotter_Project\sorsa\lpc_chip_15xx\Debug" -L"C:\Users\pavel\Desktop\koulu\Emdedded_Systems_Project\Plotter_Project\sorsa\FreeRTOS\Debug" -Xlinker -Map="XYPlotterLPC1549.map" -Xlinker --gc-sections -Xlinker -print-memory-usage -mcpu=cortex-m3 -mthumb -T "XYPlotterLPC1549_Debug.ld" -o "XYPlotterLPC1549.axf"  ./src/DigitalIoPin.o ./src/Fmutex.o ./src/ITM_write.o ./src/Motor.o ./src/Parser.o ./src/XYPlotterLPC1549.o ./src/cdc_desc.o ./src/cdc_main.o ./src/cdc_vcom.o ./src/cr_cpp_config.o ./src/cr_startup_lpc15xx.o ./src/crp.o ./src/sysinit.o   -lfreertos -llpc_board_nxp_lpcxpresso_1549 -llpc_chip_15xx -lFreeRTOS
Memory region         Used Size  Region Size  %age Used
       MFlash256:       68088 B       256 KB     25.97%
      Ram0_16_32:        4272 B        32 KB     13.04%
          Ram2_4:          0 GB         4 KB      0.00%
Finished building target: XYPlotterLPC1549.axf
 
make --no-print-directory post-build
Performing post-build steps
arm-none-eabi-size "XYPlotterLPC1549.axf"; # arm-none-eabi-objcopy -v -O binary "XYPlotterLPC1549.axf" "XYPlotterLPC1549.bin" ; # checksum -p LPC1549 -d "XYPlotterLPC1549.bin";
   text	   data	    bss	    dec	    hex	filename
  65520	   2568	   1704	  69792	  110a0	XYPlotterLPC1549.axf
 
16:03:28 **** Incremental Build of configuration Debug for project lpc_board_nxp_lpcxpresso_1549 ****
make -r all 
make: Nothing to be done for `all'.
16:03:30 **** Incremental Build of configuration Debug for project lpc_chip_15xx ****
make -r all 
make: Nothing to be done for `all'.
16:03:32 **** Incremental Build of configuration Debug for project FreeRTOS ****
make -r all 
make: Nothing to be done for `all'.
16:03:34 **** Incremental Build of configuration Debug for project XYPlotterLPC1549 ****
make -r -j4 all 
Building file: ../src/Motor.cpp
Building file: ../src/XYPlotterLPC1549.cpp
Invoking: MCU C++ Compiler
arm-none-eabi-c++ -std=c++11 -D__NEWLIB__ -DDEBUG -D__CODE_RED -DCORE_M3 -D__USE_LPCOPEN -DCPP_USE_HEAP -D__LPC15XX__ -I"C:\Users\pavel\Desktop\koulu\Emdedded_Systems_Project\Plotter_Project\sorsa\XYPlotterLPC1549\inc" -I"C:\Users\pavel\Desktop\koulu\Emdedded_Systems_Project\Plotter_Project\sorsa\lpc_board_nxp_lpcxpresso_1549\inc" -I"C:\Users\pavel\Desktop\koulu\Emdedded_Systems_Project\Plotter_Project\sorsa\lpc_chip_15xx\inc" -I"C:\Users\pavel\Desktop\koulu\Emdedded_Systems_Project\Plotter_Project\sorsa\lpc_chip_15xx\inc\usbd" -I"C:\Users\pavel\Desktop\koulu\Emdedded_Systems_Project\Plotter_Project\sorsa\FreeRTOS\inc" -I"C:\Users\pavel\Desktop\koulu\Emdedded_Systems_Project\Plotter_Project\sorsa\FreeRTOS\src\include" -I"C:\Users\pavel\Desktop\koulu\Emdedded_Systems_Project\Plotter_Project\sorsa\FreeRTOS\src\portable\GCC\ARM_CM3" -I"C:\Users\pavel\Desktop\koulu\Emdedded_Systems_Project\Plotter_Project\sorsa\lpc_chip_15xx\inc\usbd" -O0 -fno-common -g3 -Wall -c -fmessage-length=0 -fno-builtin -ffunction-sections -fdata-sections -fno-rtti -fno-exceptions -mcpu=cortex-m3 -mthumb -MMD -MP -MF"src/Motor.d" -MT"src/Motor.o" -MT"src/Motor.d" -o "src/Motor.o" "../src/Motor.cpp"
Invoking: MCU C++ Compiler
arm-none-eabi-c++ -std=c++11 -D__NEWLIB__ -DDEBUG -D__CODE_RED -DCORE_M3 -D__USE_LPCOPEN -DCPP_USE_HEAP -D__LPC15XX__ -I"C:\Users\pavel\Desktop\koulu\Emdedded_Systems_Project\Plotter_Project\sorsa\XYPlotterLPC1549\inc" -I"C:\Users\pavel\Desktop\koulu\Emdedded_Systems_Project\Plotter_Project\sorsa\lpc_board_nxp_lpcxpresso_1549\inc" -I"C:\Users\pavel\Desktop\koulu\Emdedded_Systems_Project\Plotter_Project\sorsa\lpc_chip_15xx\inc" -I"C:\Users\pavel\Desktop\koulu\Emdedded_Systems_Project\Plotter_Project\sorsa\lpc_chip_15xx\inc\usbd" -I"C:\Users\pavel\Desktop\koulu\Emdedded_Systems_Project\Plotter_Project\sorsa\FreeRTOS\inc" -I"C:\Users\pavel\Desktop\koulu\Emdedded_Systems_Project\Plotter_Project\sorsa\FreeRTOS\src\include" -I"C:\Users\pavel\Desktop\koulu\Emdedded_Systems_Project\Plotter_Project\sorsa\FreeRTOS\src\portable\GCC\ARM_CM3" -I"C:\Users\pavel\Desktop\koulu\Emdedded_Systems_Project\Plotter_Project\sorsa\lpc_chip_15xx\inc\usbd" -O0 -fno-common -g3 -Wall -c -fmessage-length=0 -fno-builtin -ffunction-sections -fdata-sections -fno-rtti -fno-exceptions -mcpu=cortex-m3 -mthumb -MMD -MP -MF"src/XYPlotterLPC1549.d" -MT"src/XYPlotterLPC1549.o" -MT"src/XYPlotterLPC1549.d" -o "src/XYPlotterLPC1549.o" "../src/XYPlotterLPC1549.cpp"
Finished building: ../src/Motor.cpp
 
../src/XYPlotterLPC1549.cpp: In function 'void vTaskMotor(void*)':
../src/XYPlotterLPC1549.cpp:352:106: warning: format '%d' expects argument of type 'int', but argument 5 has type 'int64_t {aka long long int}' [-Wformat=]
     snprintf(buffer, 100, "absX %d, curPosX: %d, newPosX: %lld \r\n", absX, motor.getPosX(), newPositionX);
                                                                             ~~~~~~~~~~~~~~~              ^
../src/XYPlotterLPC1549.cpp:320:7: warning: unused variable 'gcode_buff' [-Wunused-variable]
  char gcode_buff[60] = {0};
       ^~~~~~~~~~
Finished building: ../src/XYPlotterLPC1549.cpp
 
Building target: XYPlotterLPC1549.axf
Invoking: MCU C++ Linker
arm-none-eabi-c++ -nostdlib -L"C:\Users\pavel\Desktop\koulu\Emdedded_Systems_Project\Plotter_Project\sorsa\lpc_board_nxp_lpcxpresso_1549\Debug" -L"C:\Users\pavel\Desktop\koulu\Emdedded_Systems_Project\Plotter_Project\sorsa\lpc_chip_15xx\Debug" -L"C:\Users\pavel\Desktop\koulu\Emdedded_Systems_Project\Plotter_Project\sorsa\FreeRTOS\Debug" -Xlinker -Map="XYPlotterLPC1549.map" -Xlinker --gc-sections -Xlinker -print-memory-usage -mcpu=cortex-m3 -mthumb -T "XYPlotterLPC1549_Debug.ld" -o "XYPlotterLPC1549.axf"  ./src/DigitalIoPin.o ./src/Fmutex.o ./src/ITM_write.o ./src/Motor.o ./src/Parser.o ./src/XYPlotterLPC1549.o ./src/cdc_desc.o ./src/cdc_main.o ./src/cdc_vcom.o ./src/cr_cpp_config.o ./src/cr_startup_lpc15xx.o ./src/crp.o ./src/sysinit.o   -lfreertos -llpc_board_nxp_lpcxpresso_1549 -llpc_chip_15xx -lFreeRTOS
Memory region         Used Size  Region Size  %age Used
       MFlash256:       68088 B       256 KB     25.97%
      Ram0_16_32:        4272 B        32 KB     13.04%
          Ram2_4:          0 GB         4 KB      0.00%
Finished building target: XYPlotterLPC1549.axf
 
make --no-print-directory post-build
Performing post-build steps
arm-none-eabi-size "XYPlotterLPC1549.axf"; # arm-none-eabi-objcopy -v -O binary "XYPlotterLPC1549.axf" "XYPlotterLPC1549.bin" ; # checksum -p LPC1549 -d "XYPlotterLPC1549.bin";
   text	   data	    bss	    dec	    hex	filename
  65520	   2568	   1704	  69792	  110a0	XYPlotterLPC1549.axf
 
16:03:42 **** Incremental Build of configuration Debug for project XYPlotterLPC1549 ****
make -r -j4 all 
Building file: ../src/Motor.cpp
Building file: ../src/XYPlotterLPC1549.cpp
Invoking: MCU C++ Compiler
arm-none-eabi-c++ -std=c++11 -D__NEWLIB__ -DDEBUG -D__CODE_RED -DCORE_M3 -D__USE_LPCOPEN -DCPP_USE_HEAP -D__LPC15XX__ -I"C:\Users\pavel\Desktop\koulu\Emdedded_Systems_Project\Plotter_Project\sorsa\XYPlotterLPC1549\inc" -I"C:\Users\pavel\Desktop\koulu\Emdedded_Systems_Project\Plotter_Project\sorsa\lpc_board_nxp_lpcxpresso_1549\inc" -I"C:\Users\pavel\Desktop\koulu\Emdedded_Systems_Project\Plotter_Project\sorsa\lpc_chip_15xx\inc" -I"C:\Users\pavel\Desktop\koulu\Emdedded_Systems_Project\Plotter_Project\sorsa\lpc_chip_15xx\inc\usbd" -I"C:\Users\pavel\Desktop\koulu\Emdedded_Systems_Project\Plotter_Project\sorsa\FreeRTOS\inc" -I"C:\Users\pavel\Desktop\koulu\Emdedded_Systems_Project\Plotter_Project\sorsa\FreeRTOS\src\include" -I"C:\Users\pavel\Desktop\koulu\Emdedded_Systems_Project\Plotter_Project\sorsa\FreeRTOS\src\portable\GCC\ARM_CM3" -I"C:\Users\pavel\Desktop\koulu\Emdedded_Systems_Project\Plotter_Project\sorsa\lpc_chip_15xx\inc\usbd" -O0 -fno-common -g3 -Wall -c -fmessage-length=0 -fno-builtin -ffunction-sections -fdata-sections -fno-rtti -fno-exceptions -mcpu=cortex-m3 -mthumb -MMD -MP -MF"src/Motor.d" -MT"src/Motor.o" -MT"src/Motor.d" -o "src/Motor.o" "../src/Motor.cpp"
Invoking: MCU C++ Compiler
arm-none-eabi-c++ -std=c++11 -D__NEWLIB__ -DDEBUG -D__CODE_RED -DCORE_M3 -D__USE_LPCOPEN -DCPP_USE_HEAP -D__LPC15XX__ -I"C:\Users\pavel\Desktop\koulu\Emdedded_Systems_Project\Plotter_Project\sorsa\XYPlotterLPC1549\inc" -I"C:\Users\pavel\Desktop\koulu\Emdedded_Systems_Project\Plotter_Project\sorsa\lpc_board_nxp_lpcxpresso_1549\inc" -I"C:\Users\pavel\Desktop\koulu\Emdedded_Systems_Project\Plotter_Project\sorsa\lpc_chip_15xx\inc" -I"C:\Users\pavel\Desktop\koulu\Emdedded_Systems_Project\Plotter_Project\sorsa\lpc_chip_15xx\inc\usbd" -I"C:\Users\pavel\Desktop\koulu\Emdedded_Systems_Project\Plotter_Project\sorsa\FreeRTOS\inc" -I"C:\Users\pavel\Desktop\koulu\Emdedded_Systems_Project\Plotter_Project\sorsa\FreeRTOS\src\include" -I"C:\Users\pavel\Desktop\koulu\Emdedded_Systems_Project\Plotter_Project\sorsa\FreeRTOS\src\portable\GCC\ARM_CM3" -I"C:\Users\pavel\Desktop\koulu\Emdedded_Systems_Project\Plotter_Project\sorsa\lpc_chip_15xx\inc\usbd" -O0 -fno-common -g3 -Wall -c -fmessage-length=0 -fno-builtin -ffunction-sections -fdata-sections -fno-rtti -fno-exceptions -mcpu=cortex-m3 -mthumb -MMD -MP -MF"src/XYPlotterLPC1549.d" -MT"src/XYPlotterLPC1549.o" -MT"src/XYPlotterLPC1549.d" -o "src/XYPlotterLPC1549.o" "../src/XYPlotterLPC1549.cpp"
Finished building: ../src/Motor.cpp
 
../src/XYPlotterLPC1549.cpp: In function 'void vTaskMotor(void*)':
../src/XYPlotterLPC1549.cpp:352:106: warning: format '%d' expects argument of type 'int', but argument 5 has type 'int64_t {aka long long int}' [-Wformat=]
     snprintf(buffer, 100, "absX %d, curPosX: %d, newPosX: %lld \r\n", absX, motor.getPosX(), newPositionX);
                                                                             ~~~~~~~~~~~~~~~              ^
../src/XYPlotterLPC1549.cpp:320:7: warning: unused variable 'gcode_buff' [-Wunused-variable]
  char gcode_buff[60] = {0};
       ^~~~~~~~~~
Finished building: ../src/XYPlotterLPC1549.cpp
 
Building target: XYPlotterLPC1549.axf
Invoking: MCU C++ Linker
arm-none-eabi-c++ -nostdlib -L"C:\Users\pavel\Desktop\koulu\Emdedded_Systems_Project\Plotter_Project\sorsa\lpc_board_nxp_lpcxpresso_1549\Debug" -L"C:\Users\pavel\Desktop\koulu\Emdedded_Systems_Project\Plotter_Project\sorsa\lpc_chip_15xx\Debug" -L"C:\Users\pavel\Desktop\koulu\Emdedded_Systems_Project\Plotter_Project\sorsa\FreeRTOS\Debug" -Xlinker -Map="XYPlotterLPC1549.map" -Xlinker --gc-sections -Xlinker -print-memory-usage -mcpu=cortex-m3 -mthumb -T "XYPlotterLPC1549_Debug.ld" -o "XYPlotterLPC1549.axf"  ./src/DigitalIoPin.o ./src/Fmutex.o ./src/ITM_write.o ./src/Motor.o ./src/Parser.o ./src/XYPlotterLPC1549.o ./src/cdc_desc.o ./src/cdc_main.o ./src/cdc_vcom.o ./src/cr_cpp_config.o ./src/cr_startup_lpc15xx.o ./src/crp.o ./src/sysinit.o   -lfreertos -llpc_board_nxp_lpcxpresso_1549 -llpc_chip_15xx -lFreeRTOS
Memory region         Used Size  Region Size  %age Used
       MFlash256:       68088 B       256 KB     25.97%
      Ram0_16_32:        4272 B        32 KB     13.04%
          Ram2_4:          0 GB         4 KB      0.00%
Finished building target: XYPlotterLPC1549.axf
 
make --no-print-directory post-build
Performing post-build steps
arm-none-eabi-size "XYPlotterLPC1549.axf"; # arm-none-eabi-objcopy -v -O binary "XYPlotterLPC1549.axf" "XYPlotterLPC1549.bin" ; # checksum -p LPC1549 -d "XYPlotterLPC1549.bin";
   text	   data	    bss	    dec	    hex	filename
  65520	   2568	   1704	  69792	  110a0	XYPlotterLPC1549.axf
 
16:07:37 **** Incremental Build of configuration Debug for project lpc_board_nxp_lpcxpresso_1549 ****
make -r all 
make: Nothing to be done for `all'.
16:07:38 **** Incremental Build of configuration Debug for project lpc_chip_15xx ****
make -r all 
make: Nothing to be done for `all'.
16:07:40 **** Incremental Build of configuration Debug for project FreeRTOS ****
make -r all 
make: Nothing to be done for `all'.
16:07:42 **** Incremental Build of configuration Debug for project XYPlotterLPC1549 ****
make -r -j4 all 
Building file: ../src/Motor.cpp
Building file: ../src/XYPlotterLPC1549.cpp
Invoking: MCU C++ Compiler
arm-none-eabi-c++ -std=c++11 -D__NEWLIB__ -DDEBUG -D__CODE_RED -DCORE_M3 -D__USE_LPCOPEN -DCPP_USE_HEAP -D__LPC15XX__ -I"C:\Users\pavel\Desktop\koulu\Emdedded_Systems_Project\Plotter_Project\sorsa\XYPlotterLPC1549\inc" -I"C:\Users\pavel\Desktop\koulu\Emdedded_Systems_Project\Plotter_Project\sorsa\lpc_board_nxp_lpcxpresso_1549\inc" -I"C:\Users\pavel\Desktop\koulu\Emdedded_Systems_Project\Plotter_Project\sorsa\lpc_chip_15xx\inc" -I"C:\Users\pavel\Desktop\koulu\Emdedded_Systems_Project\Plotter_Project\sorsa\lpc_chip_15xx\inc\usbd" -I"C:\Users\pavel\Desktop\koulu\Emdedded_Systems_Project\Plotter_Project\sorsa\FreeRTOS\inc" -I"C:\Users\pavel\Desktop\koulu\Emdedded_Systems_Project\Plotter_Project\sorsa\FreeRTOS\src\include" -I"C:\Users\pavel\Desktop\koulu\Emdedded_Systems_Project\Plotter_Project\sorsa\FreeRTOS\src\portable\GCC\ARM_CM3" -I"C:\Users\pavel\Desktop\koulu\Emdedded_Systems_Project\Plotter_Project\sorsa\lpc_chip_15xx\inc\usbd" -O0 -fno-common -g3 -Wall -c -fmessage-length=0 -fno-builtin -ffunction-sections -fdata-sections -fno-rtti -fno-exceptions -mcpu=cortex-m3 -mthumb -MMD -MP -MF"src/Motor.d" -MT"src/Motor.o" -MT"src/Motor.d" -o "src/Motor.o" "../src/Motor.cpp"
Invoking: MCU C++ Compiler
arm-none-eabi-c++ -std=c++11 -D__NEWLIB__ -DDEBUG -D__CODE_RED -DCORE_M3 -D__USE_LPCOPEN -DCPP_USE_HEAP -D__LPC15XX__ -I"C:\Users\pavel\Desktop\koulu\Emdedded_Systems_Project\Plotter_Project\sorsa\XYPlotterLPC1549\inc" -I"C:\Users\pavel\Desktop\koulu\Emdedded_Systems_Project\Plotter_Project\sorsa\lpc_board_nxp_lpcxpresso_1549\inc" -I"C:\Users\pavel\Desktop\koulu\Emdedded_Systems_Project\Plotter_Project\sorsa\lpc_chip_15xx\inc" -I"C:\Users\pavel\Desktop\koulu\Emdedded_Systems_Project\Plotter_Project\sorsa\lpc_chip_15xx\inc\usbd" -I"C:\Users\pavel\Desktop\koulu\Emdedded_Systems_Project\Plotter_Project\sorsa\FreeRTOS\inc" -I"C:\Users\pavel\Desktop\koulu\Emdedded_Systems_Project\Plotter_Project\sorsa\FreeRTOS\src\include" -I"C:\Users\pavel\Desktop\koulu\Emdedded_Systems_Project\Plotter_Project\sorsa\FreeRTOS\src\portable\GCC\ARM_CM3" -I"C:\Users\pavel\Desktop\koulu\Emdedded_Systems_Project\Plotter_Project\sorsa\lpc_chip_15xx\inc\usbd" -O0 -fno-common -g3 -Wall -c -fmessage-length=0 -fno-builtin -ffunction-sections -fdata-sections -fno-rtti -fno-exceptions -mcpu=cortex-m3 -mthumb -MMD -MP -MF"src/XYPlotterLPC1549.d" -MT"src/XYPlotterLPC1549.o" -MT"src/XYPlotterLPC1549.d" -o "src/XYPlotterLPC1549.o" "../src/XYPlotterLPC1549.cpp"
Finished building: ../src/Motor.cpp
 
../src/XYPlotterLPC1549.cpp: In function 'void vTaskMotor(void*)':
../src/XYPlotterLPC1549.cpp:352:106: warning: format '%d' expects argument of type 'int', but argument 5 has type 'int64_t {aka long long int}' [-Wformat=]
     snprintf(buffer, 100, "absX %d, curPosX: %d, newPosX: %lld \r\n", absX, motor.getPosX(), newPositionX);
                                                                             ~~~~~~~~~~~~~~~              ^
../src/XYPlotterLPC1549.cpp:320:7: warning: unused variable 'gcode_buff' [-Wunused-variable]
  char gcode_buff[60] = {0};
       ^~~~~~~~~~
Finished building: ../src/XYPlotterLPC1549.cpp
 
Building target: XYPlotterLPC1549.axf
Invoking: MCU C++ Linker
arm-none-eabi-c++ -nostdlib -L"C:\Users\pavel\Desktop\koulu\Emdedded_Systems_Project\Plotter_Project\sorsa\lpc_board_nxp_lpcxpresso_1549\Debug" -L"C:\Users\pavel\Desktop\koulu\Emdedded_Systems_Project\Plotter_Project\sorsa\lpc_chip_15xx\Debug" -L"C:\Users\pavel\Desktop\koulu\Emdedded_Systems_Project\Plotter_Project\sorsa\FreeRTOS\Debug" -Xlinker -Map="XYPlotterLPC1549.map" -Xlinker --gc-sections -Xlinker -print-memory-usage -mcpu=cortex-m3 -mthumb -T "XYPlotterLPC1549_Debug.ld" -o "XYPlotterLPC1549.axf"  ./src/DigitalIoPin.o ./src/Fmutex.o ./src/ITM_write.o ./src/Motor.o ./src/Parser.o ./src/XYPlotterLPC1549.o ./src/cdc_desc.o ./src/cdc_main.o ./src/cdc_vcom.o ./src/cr_cpp_config.o ./src/cr_startup_lpc15xx.o ./src/crp.o ./src/sysinit.o   -lfreertos -llpc_board_nxp_lpcxpresso_1549 -llpc_chip_15xx -lFreeRTOS
Memory region         Used Size  Region Size  %age Used
       MFlash256:       68088 B       256 KB     25.97%
      Ram0_16_32:        4272 B        32 KB     13.04%
          Ram2_4:          0 GB         4 KB      0.00%
Finished building target: XYPlotterLPC1549.axf
 
make --no-print-directory post-build
Performing post-build steps
arm-none-eabi-size "XYPlotterLPC1549.axf"; # arm-none-eabi-objcopy -v -O binary "XYPlotterLPC1549.axf" "XYPlotterLPC1549.bin" ; # checksum -p LPC1549 -d "XYPlotterLPC1549.bin";
   text	   data	    bss	    dec	    hex	filename
  65520	   2568	   1704	  69792	  110a0	XYPlotterLPC1549.axf
 
16:07:50 **** Incremental Build of configuration Debug for project XYPlotterLPC1549 ****
make -r -j4 all 
Building file: ../src/Motor.cpp
Building file: ../src/XYPlotterLPC1549.cpp
Invoking: MCU C++ Compiler
arm-none-eabi-c++ -std=c++11 -D__NEWLIB__ -DDEBUG -D__CODE_RED -DCORE_M3 -D__USE_LPCOPEN -DCPP_USE_HEAP -D__LPC15XX__ -I"C:\Users\pavel\Desktop\koulu\Emdedded_Systems_Project\Plotter_Project\sorsa\XYPlotterLPC1549\inc" -I"C:\Users\pavel\Desktop\koulu\Emdedded_Systems_Project\Plotter_Project\sorsa\lpc_board_nxp_lpcxpresso_1549\inc" -I"C:\Users\pavel\Desktop\koulu\Emdedded_Systems_Project\Plotter_Project\sorsa\lpc_chip_15xx\inc" -I"C:\Users\pavel\Desktop\koulu\Emdedded_Systems_Project\Plotter_Project\sorsa\lpc_chip_15xx\inc\usbd" -I"C:\Users\pavel\Desktop\koulu\Emdedded_Systems_Project\Plotter_Project\sorsa\FreeRTOS\inc" -I"C:\Users\pavel\Desktop\koulu\Emdedded_Systems_Project\Plotter_Project\sorsa\FreeRTOS\src\include" -I"C:\Users\pavel\Desktop\koulu\Emdedded_Systems_Project\Plotter_Project\sorsa\FreeRTOS\src\portable\GCC\ARM_CM3" -I"C:\Users\pavel\Desktop\koulu\Emdedded_Systems_Project\Plotter_Project\sorsa\lpc_chip_15xx\inc\usbd" -O0 -fno-common -g3 -Wall -c -fmessage-length=0 -fno-builtin -ffunction-sections -fdata-sections -fno-rtti -fno-exceptions -mcpu=cortex-m3 -mthumb -MMD -MP -MF"src/Motor.d" -MT"src/Motor.o" -MT"src/Motor.d" -o "src/Motor.o" "../src/Motor.cpp"
Invoking: MCU C++ Compiler
arm-none-eabi-c++ -std=c++11 -D__NEWLIB__ -DDEBUG -D__CODE_RED -DCORE_M3 -D__USE_LPCOPEN -DCPP_USE_HEAP -D__LPC15XX__ -I"C:\Users\pavel\Desktop\koulu\Emdedded_Systems_Project\Plotter_Project\sorsa\XYPlotterLPC1549\inc" -I"C:\Users\pavel\Desktop\koulu\Emdedded_Systems_Project\Plotter_Project\sorsa\lpc_board_nxp_lpcxpresso_1549\inc" -I"C:\Users\pavel\Desktop\koulu\Emdedded_Systems_Project\Plotter_Project\sorsa\lpc_chip_15xx\inc" -I"C:\Users\pavel\Desktop\koulu\Emdedded_Systems_Project\Plotter_Project\sorsa\lpc_chip_15xx\inc\usbd" -I"C:\Users\pavel\Desktop\koulu\Emdedded_Systems_Project\Plotter_Project\sorsa\FreeRTOS\inc" -I"C:\Users\pavel\Desktop\koulu\Emdedded_Systems_Project\Plotter_Project\sorsa\FreeRTOS\src\include" -I"C:\Users\pavel\Desktop\koulu\Emdedded_Systems_Project\Plotter_Project\sorsa\FreeRTOS\src\portable\GCC\ARM_CM3" -I"C:\Users\pavel\Desktop\koulu\Emdedded_Systems_Project\Plotter_Project\sorsa\lpc_chip_15xx\inc\usbd" -O0 -fno-common -g3 -Wall -c -fmessage-length=0 -fno-builtin -ffunction-sections -fdata-sections -fno-rtti -fno-exceptions -mcpu=cortex-m3 -mthumb -MMD -MP -MF"src/XYPlotterLPC1549.d" -MT"src/XYPlotterLPC1549.o" -MT"src/XYPlotterLPC1549.d" -o "src/XYPlotterLPC1549.o" "../src/XYPlotterLPC1549.cpp"
Finished building: ../src/Motor.cpp
 
../src/XYPlotterLPC1549.cpp: In function 'void vTaskMotor(void*)':
../src/XYPlotterLPC1549.cpp:352:106: warning: format '%d' expects argument of type 'int', but argument 5 has type 'int64_t {aka long long int}' [-Wformat=]
     snprintf(buffer, 100, "absX %d, curPosX: %d, newPosX: %lld \r\n", absX, motor.getPosX(), newPositionX);
                                                                             ~~~~~~~~~~~~~~~              ^
../src/XYPlotterLPC1549.cpp:320:7: warning: unused variable 'gcode_buff' [-Wunused-variable]
  char gcode_buff[60] = {0};
       ^~~~~~~~~~
Finished building: ../src/XYPlotterLPC1549.cpp
 
Building target: XYPlotterLPC1549.axf
Invoking: MCU C++ Linker
arm-none-eabi-c++ -nostdlib -L"C:\Users\pavel\Desktop\koulu\Emdedded_Systems_Project\Plotter_Project\sorsa\lpc_board_nxp_lpcxpresso_1549\Debug" -L"C:\Users\pavel\Desktop\koulu\Emdedded_Systems_Project\Plotter_Project\sorsa\lpc_chip_15xx\Debug" -L"C:\Users\pavel\Desktop\koulu\Emdedded_Systems_Project\Plotter_Project\sorsa\FreeRTOS\Debug" -Xlinker -Map="XYPlotterLPC1549.map" -Xlinker --gc-sections -Xlinker -print-memory-usage -mcpu=cortex-m3 -mthumb -T "XYPlotterLPC1549_Debug.ld" -o "XYPlotterLPC1549.axf"  ./src/DigitalIoPin.o ./src/Fmutex.o ./src/ITM_write.o ./src/Motor.o ./src/Parser.o ./src/XYPlotterLPC1549.o ./src/cdc_desc.o ./src/cdc_main.o ./src/cdc_vcom.o ./src/cr_cpp_config.o ./src/cr_startup_lpc15xx.o ./src/crp.o ./src/sysinit.o   -lfreertos -llpc_board_nxp_lpcxpresso_1549 -llpc_chip_15xx -lFreeRTOS
Memory region         Used Size  Region Size  %age Used
       MFlash256:       68088 B       256 KB     25.97%
      Ram0_16_32:        4272 B        32 KB     13.04%
          Ram2_4:          0 GB         4 KB      0.00%
Finished building target: XYPlotterLPC1549.axf
 
make --no-print-directory post-build
Performing post-build steps
arm-none-eabi-size "XYPlotterLPC1549.axf"; # arm-none-eabi-objcopy -v -O binary "XYPlotterLPC1549.axf" "XYPlotterLPC1549.bin" ; # checksum -p LPC1549 -d "XYPlotterLPC1549.bin";
   text	   data	    bss	    dec	    hex	filename
  65520	   2568	   1704	  69792	  110a0	XYPlotterLPC1549.axf
 
